Log file created at
08 October 2020
06:35:16 PM

ddraw.dll loaded
using primary DirectDraw device.
Compatible primary surface.  Using ddraw blt.
layout action: continue
layout action: storyDone
layout action: continue
layout action: storyDone
layout action: continue
layout action: storyDone
layout action: continue
layout action: continue
layout action: storyDone
layout action: continue
layout action: storyDone
layout action: continue
layout action: storyDone
layout action: continue
layout action: storyDone
layout action: continue
layout action: continue
layout action: storyDone
layout action: continue
layout action: storyDone
layout action: continue
layout action: storyDone
layout action: continue
layout action: storyDone
layout action: continue
layout action: storyDone
using primary DirectDraw device.
Compatible primary surface.  Using ddraw blt.
using primary DirectDraw device.
Compatible primary surface.  Using ddraw blt.
using primary DirectDraw device.
Compatible primary surface.  Using ddraw blt.
using primary DirectDraw device.
Compatible primary surface.  Using ddraw blt.
using primary DirectDraw device.
Compatible primary surface.  Using ddraw blt.
using primary DirectDraw device.
Compatible primary surface.  Using ddraw blt.
using primary DirectDraw device.
Compatible primary surface.  Using ddraw blt.
using primary DirectDraw device.
Compatible primary surface.  Using ddraw blt.
